/opt/homebrew/lib/ruby/gems/3.4.0/gems/thor-1.3.2/lib/thor/base.rb:624:in 'Thor::Base::ClassMethods#handle_argument_error': ERROR: "rails server" was called with arguments ["--log-level=debug"] (Thor::InvocationError)
Usage: "bin/rails server"
	from /opt/homebrew/lib/ruby/gems/3.4.0/gems/thor-1.3.2/lib/thor/command.rb:35:in 'Thor::Command#run'
	from /opt/homebrew/lib/ruby/gems/3.4.0/gems/thor-1.3.2/lib/thor/invocation.rb:127:in 'Thor::Invocation#invoke_command'
	from /opt/homebrew/lib/ruby/gems/3.4.0/gems/railties-8.0.2/lib/rails/command/base.rb:178:in 'Rails::Command::Base#invoke_command'
	from /opt/homebrew/lib/ruby/gems/3.4.0/gems/thor-1.3.2/lib/thor.rb:538:in 'Thor.dispatch'
	from /opt/homebrew/lib/ruby/gems/3.4.0/gems/railties-8.0.2/lib/rails/command/base.rb:73:in 'Rails::Command::Base.perform'
	from /opt/homebrew/lib/ruby/gems/3.4.0/gems/railties-8.0.2/lib/rails/command.rb:65:in 'block in Rails::Command.invoke'
	from /opt/homebrew/lib/ruby/gems/3.4.0/gems/railties-8.0.2/lib/rails/command.rb:143:in 'Rails::Command.with_argv'
	from /opt/homebrew/lib/ruby/gems/3.4.0/gems/railties-8.0.2/lib/rails/command.rb:63:in 'Rails::Command.invoke'
	from /opt/homebrew/lib/ruby/gems/3.4.0/gems/railties-8.0.2/lib/rails/commands.rb:18:in '<main>'
	from /opt/homebrew/Cellar/ruby/3.4.3/lib/ruby/3.4.0/bundled_gems.rb:82:in 'Kernel.require'
	from /opt/homebrew/Cellar/ruby/3.4.3/lib/ruby/3.4.0/bundled_gems.rb:82:in 'block (2 levels) in Kernel#replace_require'
	from /opt/homebrew/lib/ruby/gems/3.4.0/gems/bootsnap-1.18.6/lib/bootsnap/load_path_cache/core_ext/kernel_require.rb:30:in 'Kernel#require'
	from bin/rails:4:in '<main>'
/opt/homebrew/lib/ruby/gems/3.4.0/gems/railties-8.0.2/lib/rails/commands/server/server_command.rb:132:in 'perform': wrong number of arguments (given 1, expected 0) (ArgumentError)
	from /opt/homebrew/lib/ruby/gems/3.4.0/gems/thor-1.3.2/lib/thor/command.rb:28:in 'Thor::Command#run'
	from /opt/homebrew/lib/ruby/gems/3.4.0/gems/thor-1.3.2/lib/thor/invocation.rb:127:in 'Thor::Invocation#invoke_command'
	from /opt/homebrew/lib/ruby/gems/3.4.0/gems/railties-8.0.2/lib/rails/command/base.rb:178:in 'Rails::Command::Base#invoke_command'
	from /opt/homebrew/lib/ruby/gems/3.4.0/gems/thor-1.3.2/lib/thor.rb:538:in 'Thor.dispatch'
	from /opt/homebrew/lib/ruby/gems/3.4.0/gems/railties-8.0.2/lib/rails/command/base.rb:73:in 'Rails::Command::Base.perform'
	from /opt/homebrew/lib/ruby/gems/3.4.0/gems/railties-8.0.2/lib/rails/command.rb:65:in 'block in Rails::Command.invoke'
	from /opt/homebrew/lib/ruby/gems/3.4.0/gems/railties-8.0.2/lib/rails/command.rb:143:in 'Rails::Command.with_argv'
	from /opt/homebrew/lib/ruby/gems/3.4.0/gems/railties-8.0.2/lib/rails/command.rb:63:in 'Rails::Command.invoke'
	from /opt/homebrew/lib/ruby/gems/3.4.0/gems/railties-8.0.2/lib/rails/commands.rb:18:in '<main>'
	from /opt/homebrew/Cellar/ruby/3.4.3/lib/ruby/3.4.0/bundled_gems.rb:82:in 'Kernel.require'
	from /opt/homebrew/Cellar/ruby/3.4.3/lib/ruby/3.4.0/bundled_gems.rb:82:in 'block (2 levels) in Kernel#replace_require'
	from /opt/homebrew/lib/ruby/gems/3.4.0/gems/bootsnap-1.18.6/lib/bootsnap/load_path_cache/core_ext/kernel_require.rb:30:in 'Kernel#require'
	from bin/rails:4:in '<main>'
